<?xml version="1.0" encoding="utf-8"?>
<coverage line-rate="0.4468" branch-rate="0.7" version="1.9" timestamp="1751943346" lines-covered="21" lines-valid="47" branches-covered="7" branches-valid="10">
  <sources>
    <source>D:\Workspace\Prueba Psinet\RoverMissionApi\</source>
  </sources>
  <packages>
    <package name="Application" line-rate="0.4285" branch-rate="0.7" complexity="14">
      <classes>
        <class name="Application.Services.RoverService" filename="Application\Services\RoverService.cs" line-rate="0.5714" branch-rate="0.5" complexity="3">
          <methods>
            <method name="GetDailyTasksAsync" signature="(System.String,System.DateTime)" line-rate="0" branch-rate="1" complexity="1">
              <lines>
                <line number="35" hits="0" branch="False" />
                <line number="36" hits="0" branch="False" />
                <line number="37" hits="0" branch="False" />
              </lines>
            </method>
            <method name=".ctor" signature="(Domain.Interfaces.IRoverRepository)" line-rate="1" branch-rate="0.5" complexity="2">
              <lines>
                <line number="15" hits="2" branch="False" />
                <line number="16" hits="2" branch="False" />
                <line number="17" hits="2" branch="True" condition-coverage="50% (1/2)">
                  <conditions>
                    <condition number="11" type="jump" coverage="50%" />
                  </conditions>
                </line>
                <line number="18" hits="2" branch="False" />
              </lines>
            </method>
          </methods>
          <lines>
            <line number="35" hits="0" branch="False" />
            <line number="36" hits="0" branch="False" />
            <line number="37" hits="0" branch="False" />
            <line number="15" hits="2" branch="False" />
            <line number="16" hits="2" branch="False" />
            <line number="17" hits="2" branch="True" condition-coverage="50% (1/2)">
              <conditions>
                <condition number="11" type="jump" coverage="50%" />
              </conditions>
            </line>
            <line number="18" hits="2" branch="False" />
          </lines>
        </class>
        <class name="Application.Services.RoverService/&lt;&gt;c" filename="Application\Services\RoverService.cs" line-rate="0" branch-rate="1" complexity="1">
          <methods>
            <method name="&lt;CalculateUtilizationAsync&gt;b__4_0" signature="(Domain.Entities.RoverTask)" line-rate="0" branch-rate="1" complexity="1">
              <lines>
                <line number="42" hits="0" branch="False" />
              </lines>
            </method>
          </methods>
          <lines>
            <line number="42" hits="0" branch="False" />
          </lines>
        </class>
        <class name="Application.Services.RoverService/&lt;AddTaskAsync&gt;d__2" filename="Application\Services\RoverService.cs" line-rate="1" branch-rate="1" complexity="6">
          <methods>
            <method name="MoveNext" signature="()" line-rate="1" branch-rate="1" complexity="6">
              <lines>
                <line number="21" hits="2" branch="False" />
                <line number="22" hits="2" branch="False" />
                <line number="23" hits="2" branch="False" />
                <line number="25" hits="9" branch="True" condition-coverage="100% (2/2)">
                  <conditions>
                    <condition number="386" type="jump" coverage="100%" />
                  </conditions>
                </line>
                <line number="26" hits="2" branch="False" />
                <line number="27" hits="2" branch="False" />
                <line number="28" hits="2" branch="True" condition-coverage="100% (4/4)">
                  <conditions>
                    <condition number="323" type="jump" coverage="100%" />
                    <condition number="354" type="jump" coverage="100%" />
                  </conditions>
                </line>
                <line number="29" hits="1" branch="False" />
                <line number="30" hits="1" branch="False" />
                <line number="31" hits="1" branch="False" />
                <line number="32" hits="1" branch="False" />
              </lines>
            </method>
          </methods>
          <lines>
            <line number="21" hits="2" branch="False" />
            <line number="22" hits="2" branch="False" />
            <line number="23" hits="2" branch="False" />
            <line number="25" hits="9" branch="True" condition-coverage="100% (2/2)">
              <conditions>
                <condition number="386" type="jump" coverage="100%" />
              </conditions>
            </line>
            <line number="26" hits="2" branch="False" />
            <line number="27" hits="2" branch="False" />
            <line number="28" hits="2" branch="True" condition-coverage="100% (4/4)">
              <conditions>
                <condition number="323" type="jump" coverage="100%" />
                <condition number="354" type="jump" coverage="100%" />
              </conditions>
            </line>
            <line number="29" hits="1" branch="False" />
            <line number="30" hits="1" branch="False" />
            <line number="31" hits="1" branch="False" />
            <line number="32" hits="1" branch="False" />
          </lines>
        </class>
        <class name="Application.Services.RoverService/&lt;CalculateUtilizationAsync&gt;d__4" filename="Application\Services\RoverService.cs" line-rate="0" branch-rate="1" complexity="1">
          <methods>
            <method name="MoveNext" signature="()" line-rate="0" branch-rate="1" complexity="1">
              <lines>
                <line number="40" hits="0" branch="False" />
                <line number="41" hits="0" branch="False" />
                <line number="43" hits="0" branch="False" />
              </lines>
            </method>
          </methods>
          <lines>
            <line number="40" hits="0" branch="False" />
            <line number="41" hits="0" branch="False" />
            <line number="43" hits="0" branch="False" />
          </lines>
        </class>
        <class name="Application.Services.RoverService/&lt;GetAllDailyTasksAsync&gt;d__6" filename="Application\Services\RoverService.cs" line-rate="0" branch-rate="0" complexity="2">
          <methods>
            <method name="MoveNext" signature="()" line-rate="0" branch-rate="0" complexity="2">
              <lines>
                <line number="51" hits="0" branch="False" />
                <line number="52" hits="0" branch="False" />
                <line number="53" hits="0" branch="False" />
                <line number="55" hits="0" branch="True" condition-coverage="0% (0/2)">
                  <conditions>
                    <condition number="406" type="jump" coverage="0%" />
                  </conditions>
                </line>
                <line number="56" hits="0" branch="False" />
                <line number="57" hits="0" branch="False" />
                <line number="58" hits="0" branch="False" />
                <line number="59" hits="0" branch="False" />
                <line number="61" hits="0" branch="False" />
                <line number="62" hits="0" branch="False" />
              </lines>
            </method>
          </methods>
          <lines>
            <line number="51" hits="0" branch="False" />
            <line number="52" hits="0" branch="False" />
            <line number="53" hits="0" branch="False" />
            <line number="55" hits="0" branch="True" condition-coverage="0% (0/2)">
              <conditions>
                <condition number="406" type="jump" coverage="0%" />
              </conditions>
            </line>
            <line number="56" hits="0" branch="False" />
            <line number="57" hits="0" branch="False" />
            <line number="58" hits="0" branch="False" />
            <line number="59" hits="0" branch="False" />
            <line number="61" hits="0" branch="False" />
            <line number="62" hits="0" branch="False" />
          </lines>
        </class>
        <class name="Application.Services.RoverService/&lt;GetRoversAsync&gt;d__5" filename="Application\Services\RoverService.cs" line-rate="0" branch-rate="1" complexity="1">
          <methods>
            <method name="MoveNext" signature="()" line-rate="0" branch-rate="1" complexity="1">
              <lines>
                <line number="46" hits="0" branch="False" />
                <line number="47" hits="0" branch="False" />
                <line number="48" hits="0" branch="False" />
              </lines>
            </method>
          </methods>
          <lines>
            <line number="46" hits="0" branch="False" />
            <line number="47" hits="0" branch="False" />
            <line number="48" hits="0" branch="False" />
          </lines>
        </class>
      </classes>
    </package>
    <package name="Domain" line-rate="0.5" branch-rate="1" complexity="12">
      <classes>
        <class name="Domain.Interfaces.TaskConflictException" filename="Domain\Interfaces\IRoverRepository.cs" line-rate="1" branch-rate="1" complexity="1">
          <methods>
            <method name=".ctor" signature="(System.String)" line-rate="1" branch-rate="1" complexity="1">
              <lines>
                <line number="14" hits="3" branch="False" />
              </lines>
            </method>
          </methods>
          <lines>
            <line number="14" hits="3" branch="False" />
          </lines>
        </class>
        <class name="Domain.Exceptions.TaskConflictException" filename="Domain\Exceptions\TaskConflictException.cs" line-rate="0" branch-rate="1" complexity="3">
          <methods>
            <method name=".ctor" signature="()" line-rate="0" branch-rate="1" complexity="1">
              <lines>
                <line number="7" hits="0" branch="False" />
              </lines>
            </method>
            <method name=".ctor" signature="(System.String)" line-rate="0" branch-rate="1" complexity="1">
              <lines>
                <line number="9" hits="0" branch="False" />
              </lines>
            </method>
            <method name=".ctor" signature="(System.String,System.Exception)" line-rate="0" branch-rate="1" complexity="1">
              <lines>
                <line number="11" hits="0" branch="False" />
              </lines>
            </method>
          </methods>
          <lines>
            <line number="7" hits="0" branch="False" />
            <line number="9" hits="0" branch="False" />
            <line number="11" hits="0" branch="False" />
          </lines>
        </class>
        <class name="Domain.Entities.RoverTask" filename="Domain\Entities\RoverTask.cs" line-rate="0.625" branch-rate="1" complexity="8">
          <methods>
            <method name="get_Id" signature="()" line-rate="1" branch-rate="1" complexity="1">
              <lines>
                <line number="6" hits="5" branch="False" />
              </lines>
            </method>
            <method name="get_RoverName" signature="()" line-rate="1" branch-rate="1" complexity="1">
              <lines>
                <line number="7" hits="6" branch="False" />
              </lines>
            </method>
            <method name="get_TaskType" signature="()" line-rate="0" branch-rate="1" complexity="1">
              <lines>
                <line number="8" hits="0" branch="False" />
              </lines>
            </method>
            <method name="get_Latitude" signature="()" line-rate="0" branch-rate="1" complexity="1">
              <lines>
                <line number="9" hits="0" branch="False" />
              </lines>
            </method>
            <method name="get_Longitude" signature="()" line-rate="0" branch-rate="1" complexity="1">
              <lines>
                <line number="10" hits="0" branch="False" />
              </lines>
            </method>
            <method name="get_StartsAt" signature="()" line-rate="1" branch-rate="1" complexity="1">
              <lines>
                <line number="11" hits="17" branch="False" />
              </lines>
            </method>
            <method name="get_DurationMinutes" signature="()" line-rate="1" branch-rate="1" complexity="1">
              <lines>
                <line number="12" hits="8" branch="False" />
              </lines>
            </method>
            <method name="get_Status" signature="()" line-rate="1" branch-rate="1" complexity="1">
              <lines>
                <line number="13" hits="4" branch="False" />
              </lines>
            </method>
          </methods>
          <lines>
            <line number="6" hits="5" branch="False" />
            <line number="7" hits="6" branch="False" />
            <line number="8" hits="0" branch="False" />
            <line number="9" hits="0" branch="False" />
            <line number="10" hits="0" branch="False" />
            <line number="11" hits="17" branch="False" />
            <line number="12" hits="8" branch="False" />
            <line number="13" hits="4" branch="False" />
          </lines>
        </class>
      </classes>
    </package>
  </packages>
</coverage>